<?xml version="1.0" encoding="UTF-8"?>
<!-- Generated by org.testng.reporters.JUnitReportReporter -->
<testsuite hostname="DESKTOP-MICA4G2" failures="0" tests="1" name="testCases.TC01_AccRegTest" time="2.146" errors="0" timestamp="2024-10-10T10:51:42 IST" skipped="0">
  <testcase classname="testCases.TC01_AccRegTest" name="verify_acc_reg" time="2.146"/>
</testsuite> <!-- testCases.TC01_AccRegTest -->
